Arguments: 
  C:\Program Files\nodejs\node.exe C:\Users\zcgzx\AppData\Roaming\npm\node_modules\yarn\bin\yarn.js add react-transition-group

PATH: 
  C:\WINDOWS\system32;C:\WINDOWS;C:\WINDOWS\System32\Wbem;C:\WINDOWS\System32\WindowsPowerShell\v1.0\;C:\Program Files\nodejs\;C:\Program Files\MySQL\MySQL Utilities 1.6\;C:\WINDOWS\System32\OpenSSH\;C:\Program Files\Microsoft\Web Platform Installer\;C:\Users\zcgzx\AppData\Local\Programs\Python\Python36;C:\Users\zcgzx\AppData\Local\Microsoft\WindowsApps;C:\Program Files\Microsoft VS Code\bin;C:\Users\zcgzx\AppData\Roaming\npm;C:\Users\zcgzx\AppData\Local\GitHubDesktop\bin

Yarn version: 
  1.5.1

Node version: 
  8.10.0

Platform: 
  win32 x64

npm manifest: 
  {
    "name": "recruit",
    "version": "1.0.0",
    "description": "recruit site",
    "main": "index.js",
    "dependencies": {
      "@types/react": "^16.0.40",
      "@types/react-dom": "^16.0.4",
      "react": "^16.2.0",
      "react-dom": "^16.2.0"
    },
    "devDependencies": {
      "autoprefixer": "^7.2.5",
      "clean-webpack-plugin": "^0.1.17",
      "css-loader": "^0.28.9",
      "extract-text-webpack-plugin": "^3.0.2",
      "file-loader": "^1.1.6",
      "fork-ts-checker-webpack-plugin": "^0.3.0",
      "html-webpack-plugin": "^2.30.1",
      "node-sass": "^4.7.2",
      "postcss-loader": "^2.0.10",
      "raw-loader": "^0.5.1",
      "sass-loader": "^6.0.6",
      "style-loader": "^0.19.1",
      "ts-loader": "^3.3.0",
      "typescript": "^2.6.2",
      "url-loader": "^0.6.2",
      "webpack": "^3.10.0",
      "webpack-dev-server": "^2.9.7",
      "webpack-merge": "^4.1.1"
    },
    "scripts": {
      "test": "echo \"Error: no test specified\" && exit 1",
      "dev": "webpack-dev-server --config ./webpack/webpack-dev.js --progress",
      "build": "webpack --config ./webpack/webpack-prod.js -p --progress"
    },
    "author": "zcgzx",
    "license": "ISC",
    "browserslist": [
      "> 2%",
      "last 2 versions"
    ]
  }

yarn manifest: 
  No manifest

Lockfile: 
  No lockfile

Trace: 
  Error: ENOENT: no such file or directory, copyfile 'C:\Users\zcgzx\AppData\Local\Yarn\Cache\v1\npm-extend-shallow-3.0.2-26a71aaf073b39fb2127172746131c2704028db8\index.js' -> 'C:\Users\zcgzx\Web\Graphy\node_modules\anymatch\node_modules\extend-shallow\index.js'
